Serving /home/tim/Downloads/Code/moonslice/slides at http://localhost:8080/
GET /favicon.ico 404 Content-Type=text/plain
GET /favicon.ico 404 Content-Type=text/plain
GET /favicon.ico 404 Content-Type=text/plain
GET /favicon.ico 404 Content-Type=text/plain
GET / 304 
GET /css/reveal.min.css 304 
GET /css/theme/serif.css 304 
GET /lib/css/zenburn.css 304 
GET /lib/js/head.min.js 304 
GET /js/reveal.min.js 304 
GET /plugin/markdown/showdown.js 304 
GET /plugin/markdown/markdown.js 304 
GET /slides.md 200 Content-Length=857 Content-Type=text/x-markdown
GET /plugin/highlight/highlight.js 304 
GET /plugin/zoom-js/zoom.js 304 
GET /plugin/notes/notes.js 304 
GET /css/print/paper.css 304 
GET /favicon.ico 404 Content-Type=text/plain
GET / 304 
GET /css/reveal.min.css 304 
GET /css/theme/serif.css 304 
GET /lib/css/zenburn.css 304 
GET /lib/js/head.min.js 304 
GET /js/reveal.min.js 304 
GET /plugin/markdown/showdown.js 304 
GET /plugin/markdown/markdown.js 304 
GET /slides.md 200 Content-Length=857 Content-Type=text/x-markdown
GET /plugin/highlight/highlight.js 304 
GET /plugin/zoom-js/zoom.js 304 
GET /plugin/notes/notes.js 304 
GET /css/print/paper.css 304 
GET /favicon.ico 404 Content-Type=text/plain
GET / 304 
GET /css/reveal.min.css 304 
GET /css/theme/serif.css 304 
GET /lib/css/zenburn.css 304 
GET /lib/js/head.min.js 304 
GET /js/reveal.min.js 304 
GET /plugin/markdown/showdown.js 304 
GET /plugin/markdown/markdown.js 304 
GET /slides.md 200 Content-Length=862 Content-Type=text/x-markdown
GET /plugin/highlight/highlight.js 304 
GET /plugin/zoom-js/zoom.js 304 
GET /plugin/notes/notes.js 304 
GET /css/print/paper.css 304 
GET /favicon.ico 404 Content-Type=text/plain
GET / 304 
GET /css/reveal.min.css 304 
GET /css/theme/serif.css 304 
GET /lib/css/zenburn.css 304 
GET /lib/js/head.min.js 304 
GET /js/reveal.min.js 304 
GET /plugin/markdown/showdown.js 304 
GET /plugin/markdown/markdown.js 304 
GET /slides.md 200 Content-Length=863 Content-Type=text/x-markdown
GET /plugin/highlight/highlight.js 304 
GET /plugin/zoom-js/zoom.js 304 
GET /plugin/notes/notes.js 304 
GET /css/print/paper.css 304 
GET /favicon.ico 404 Content-Type=text/plain
GET /favicon.ico 404 Content-Type=text/plain
GET / 304 
GET /css/reveal.min.css 304 
GET /lib/css/zenburn.css 304 
GET /lib/js/head.min.js 304 
GET /js/reveal.min.js 304 
GET /css/theme/serif.css 200 Content-Length=3833 Content-Type=text/css
GET /plugin/markdown/showdown.js 304 
GET /plugin/markdown/markdown.js 304 
GET /slides.md 304 
GET /plugin/highlight/highlight.js 304 
GET /plugin/zoom-js/zoom.js 304 
GET /plugin/notes/notes.js 304 
GET /css/print/paper.css 304 
GET /favicon.ico 404 Content-Type=text/plain
GET / 304 
GET /css/reveal.min.css 304 
GET /lib/css/zenburn.css 304 
GET /lib/js/head.min.js 304 
GET /js/reveal.min.js 304 
GET /css/theme/serif.css 200 Content-Length=3850 Content-Type=text/css
GET /plugin/markdown/showdown.js 304 
GET /plugin/markdown/markdown.js 304 
GET /slides.md 304 
GET /plugin/highlight/highlight.js 304 
GET /plugin/zoom-js/zoom.js 304 
GET /plugin/notes/notes.js 304 
GET /css/print/paper.css 304 
GET /favicon.ico 404 Content-Type=text/plain
GET / 304 
GET /css/reveal.min.css 304 
GET /lib/css/zenburn.css 304 
GET /lib/js/head.min.js 304 
GET /js/reveal.min.js 304 
GET /css/theme/serif.css 200 Content-Length=3850 Content-Type=text/css
GET /plugin/markdown/showdown.js 304 
GET /plugin/markdown/markdown.js 304 
GET /slides.md 304 
GET /plugin/highlight/highlight.js 304 
GET /plugin/zoom-js/zoom.js 304 
GET /plugin/notes/notes.js 304 
GET /css/print/paper.css 304 
GET /favicon.ico 404 Content-Type=text/plain
GET / 304 
GET /css/reveal.min.css 304 
GET /lib/css/zenburn.css 304 
GET /lib/js/head.min.js 304 
GET /js/reveal.min.js 304 
GET /css/theme/serif.css 200 Content-Length=3850 Content-Type=text/css
GET /plugin/markdown/showdown.js 304 
GET /plugin/markdown/markdown.js 304 
GET /slides.md 304 
GET /plugin/highlight/highlight.js 304 
GET /plugin/zoom-js/zoom.js 304 
GET /plugin/notes/notes.js 304 
GET /css/print/paper.css 304 
GET /favicon.ico 404 Content-Type=text/plain
GET / 304 
GET /css/reveal.min.css 304 
GET /lib/css/zenburn.css 304 
GET /lib/js/head.min.js 304 
GET /js/reveal.min.js 304 
GET /css/theme/serif.css 200 Content-Length=3850 Content-Type=text/css
GET /plugin/markdown/showdown.js 304 
GET /plugin/markdown/markdown.js 304 
GET /slides.md 304 
GET /plugin/highlight/highlight.js 304 
GET /plugin/zoom-js/zoom.js 304 
GET /plugin/notes/notes.js 304 
GET /css/print/paper.css 304 
GET /favicon.ico 404 Content-Type=text/plain
GET / 304 
GET /css/reveal.min.css 304 
GET /lib/css/zenburn.css 304 
GET /lib/js/head.min.js 304 
GET /js/reveal.min.js 304 
GET /css/theme/serif.css 200 Content-Length=3850 Content-Type=text/css
GET /plugin/markdown/showdown.js 304 
GET /plugin/markdown/markdown.js 304 
GET /slides.md 304 
GET /plugin/highlight/highlight.js 304 
GET /plugin/zoom-js/zoom.js 304 
GET /plugin/notes/notes.js 304 
GET /css/print/paper.css 304 
GET /favicon.ico 404 Content-Type=text/plain
GET / 304 
GET /css/reveal.min.css 304 
GET /lib/css/zenburn.css 304 
GET /lib/js/head.min.js 304 
GET /js/reveal.min.js 304 
GET /css/theme/serif.css 200 Content-Length=3850 Content-Type=text/css
GET /plugin/markdown/showdown.js 304 
GET /plugin/markdown/markdown.js 304 
GET /slides.md 304 
GET /plugin/highlight/highlight.js 304 
GET /plugin/zoom-js/zoom.js 304 
GET /plugin/notes/notes.js 304 
GET /css/print/paper.css 304 
GET /favicon.ico 404 Content-Type=text/plain
GET / 304 
GET /css/reveal.min.css 304 
GET /lib/css/zenburn.css 304 
GET /lib/js/head.min.js 304 
GET /js/reveal.min.js 304 
GET /css/theme/serif.css 200 Content-Length=3850 Content-Type=text/css
GET /plugin/markdown/showdown.js 304 
GET /plugin/markdown/markdown.js 304 
GET /slides.md 304 
GET /plugin/highlight/highlight.js 304 
GET /plugin/zoom-js/zoom.js 304 
GET /plugin/notes/notes.js 304 
GET /css/print/paper.css 304 
GET /favicon.ico 404 Content-Type=text/plain
GET /favicon.ico 404 Content-Type=text/plain
GET /favicon.ico 404 Content-Type=text/plain
GET / 304 
GET /css/reveal.min.css 304 
GET /lib/css/zenburn.css 304 
GET /lib/js/head.min.js 304 
GET /js/reveal.min.js 304 
GET /css/theme/serif.css 200 Content-Length=3850 Content-Type=text/css
GET /plugin/markdown/showdown.js 304 
GET /plugin/markdown/markdown.js 304 
GET /slides.md 304 
GET /plugin/highlight/highlight.js 304 
GET /plugin/zoom-js/zoom.js 304 
GET /plugin/notes/notes.js 304 
GET /css/print/paper.css 304 
GET /favicon.ico 404 Content-Type=text/plain
GET /favicon.ico 404 Content-Type=text/plain
GET /favicon.ico 404 Content-Type=text/plain
GET /favicon.ico 404 Content-Type=text/plain
GET /favicon.ico 404 Content-Type=text/plain
GET /favicon.ico 404 Content-Type=text/plain
GET / 304 
GET /css/reveal.min.css 304 
GET /css/theme/serif.css 304 
GET /lib/css/zenburn.css 304 
GET /lib/js/head.min.js 304 
GET /js/reveal.min.js 304 
GET /plugin/markdown/showdown.js 304 
GET /plugin/markdown/markdown.js 304 
GET /slides.md 200 Content-Length=978 Content-Type=text/x-markdown
GET /plugin/highlight/highlight.js 304 
GET /plugin/zoom-js/zoom.js 304 
GET /plugin/notes/notes.js 304 
GET /css/print/paper.css 304 
GET /favicon.ico 404 Content-Type=text/plain
GET /favicon.ico 404 Content-Type=text/plain
GET / 304 
GET /css/reveal.min.css 304 
GET /css/theme/serif.css 304 
GET /lib/css/zenburn.css 304 
GET /lib/js/head.min.js 304 
GET /js/reveal.min.js 304 
GET /plugin/markdown/showdown.js 304 
GET /plugin/markdown/markdown.js 304 
GET /slides.md 200 Content-Length=974 Content-Type=text/x-markdown
GET /plugin/highlight/highlight.js 304 
GET /plugin/zoom-js/zoom.js 304 
GET /plugin/notes/notes.js 304 
GET /css/print/paper.css 304 
GET /favicon.ico 404 Content-Type=text/plain
GET /favicon.ico 404 Content-Type=text/plain
GET /favicon.ico 404 Content-Type=text/plain
GET / 304 
GET /css/reveal.min.css 304 
GET /css/theme/serif.css 304 
GET /lib/css/zenburn.css 304 
GET /lib/js/head.min.js 304 
GET /js/reveal.min.js 304 
GET /plugin/markdown/showdown.js 304 
GET /plugin/markdown/markdown.js 304 
GET /slides.md 200 Content-Length=973 Content-Type=text/x-markdown
GET /plugin/highlight/highlight.js 304 
GET /plugin/zoom-js/zoom.js 304 
GET /plugin/notes/notes.js 304 
GET /css/print/paper.css 304 
GET /favicon.ico 404 Content-Type=text/plain
GET /favicon.ico 404 Content-Type=text/plain
GET /favicon.ico 404 Content-Type=text/plain
GET /favicon.ico 404 Content-Type=text/plain
GET /favicon.ico 404 Content-Type=text/plain
GET /favicon.ico 404 Content-Type=text/plain
GET /favicon.ico 404 Content-Type=text/plain
GET /favicon.ico 404 Content-Type=text/plain
GET /favicon.ico 404 Content-Type=text/plain
